INFO:root:Started
INFO:root:Keyboard Input: E
INFO:root:Rotors Position: AAB. Ringstellung: AAA
INFO:root:Plugboard Encryption: E
INFO:root:Wheel 3 Encryption: H
INFO:root:Wheel 2 Encryption: A
INFO:root:Wheel 1 Encryption: B
INFO:root:Reflector Encryption: R
INFO:root:Wheel 1 Encryption: I
INFO:root:Wheel 2 Encryption: L
INFO:root:Wheel 3 Encryption: R
INFO:root:Plugboard Encryption: R
INFO:root:Output (Lampboard): R
INFO:root:--------------------------------------------------------------------
INFO:root:Keyboard Input: N
INFO:root:Rotors Position: AAC. Ringstellung: AAA
INFO:root:Plugboard Encryption: N
INFO:root:Wheel 3 Encryption: V
INFO:root:Wheel 2 Encryption: D
INFO:root:Wheel 1 Encryption: H
INFO:root:Reflector Encryption: D
INFO:root:Wheel 1 Encryption: B
INFO:root:Wheel 2 Encryption: Z
INFO:root:Wheel 3 Encryption: A
INFO:root:Plugboard Encryption: A
INFO:root:Output (Lampboard): A
INFO:root:--------------------------------------------------------------------
INFO:root:Keyboard Input: I
INFO:root:Rotors Position: AAD. Ringstellung: AAA
INFO:root:Plugboard Encryption: I
INFO:root:Wheel 3 Encryption: A
INFO:root:Wheel 2 Encryption: E
INFO:root:Wheel 1 Encryption: J
INFO:root:Reflector Encryption: X
INFO:root:Wheel 1 Encryption: K
INFO:root:Wheel 2 Encryption: U
INFO:root:Wheel 3 Encryption: M
INFO:root:Plugboard Encryption: M
INFO:root:Output (Lampboard): M
INFO:root:--------------------------------------------------------------------
INFO:root:Keyboard Input: G
INFO:root:Rotors Position: AAE. Ringstellung: AAA
INFO:root:Plugboard Encryption: G
INFO:root:Wheel 3 Encryption: O
INFO:root:Wheel 2 Encryption: X
INFO:root:Wheel 1 Encryption: S
INFO:root:Reflector Encryption: F
INFO:root:Wheel 1 Encryption: C
INFO:root:Wheel 2 Encryption: W
INFO:root:Wheel 3 Encryption: M
INFO:root:Plugboard Encryption: M
INFO:root:Output (Lampboard): M
INFO:root:--------------------------------------------------------------------
INFO:root:Keyboard Input: M
INFO:root:Rotors Position: AAF. Ringstellung: AAA
INFO:root:Plugboard Encryption: M
INFO:root:Wheel 3 Encryption: R
INFO:root:Wheel 2 Encryption: F
INFO:root:Wheel 1 Encryption: L
INFO:root:Reflector Encryption: G
INFO:root:Wheel 1 Encryption: S
INFO:root:Wheel 2 Encryption: B
INFO:root:Wheel 3 Encryption: Z
INFO:root:Plugboard Encryption: Z
INFO:root:Output (Lampboard): Z
INFO:root:--------------------------------------------------------------------
INFO:root:Keyboard Input: A
INFO:root:Rotors Position: AAG. Ringstellung: AAA
INFO:root:Plugboard Encryption: A
INFO:root:Wheel 3 Encryption: N
INFO:root:Wheel 2 Encryption: H
INFO:root:Wheel 1 Encryption: P
INFO:root:Reflector Encryption: I
INFO:root:Wheel 1 Encryption: Q
INFO:root:Wheel 2 Encryption: J
INFO:root:Wheel 3 Encryption: D
INFO:root:Plugboard Encryption: D
INFO:root:Output (Lampboard): D
INFO:root:--------------------------------------------------------------------
INFO:root:Keyboard Input: R
INFO:root:Rotors Position: AAB. Ringstellung: AAA
INFO:root:Plugboard Encryption: R
INFO:root:Wheel 3 Encryption: L
INFO:root:Wheel 2 Encryption: I
INFO:root:Wheel 1 Encryption: R
INFO:root:Reflector Encryption: B
INFO:root:Wheel 1 Encryption: A
INFO:root:Wheel 2 Encryption: H
INFO:root:Wheel 3 Encryption: E
INFO:root:Plugboard Encryption: E
INFO:root:Output (Lampboard): E
INFO:root:--------------------------------------------------------------------
INFO:root:Keyboard Input: A
INFO:root:Rotors Position: AAC. Ringstellung: AAA
INFO:root:Plugboard Encryption: A
INFO:root:Wheel 3 Encryption: Z
INFO:root:Wheel 2 Encryption: B
INFO:root:Wheel 1 Encryption: D
INFO:root:Reflector Encryption: H
INFO:root:Wheel 1 Encryption: D
INFO:root:Wheel 2 Encryption: V
INFO:root:Wheel 3 Encryption: N
INFO:root:Plugboard Encryption: N
INFO:root:Output (Lampboard): N
INFO:root:--------------------------------------------------------------------
INFO:root:Keyboard Input: M
INFO:root:Rotors Position: AAD. Ringstellung: AAA
INFO:root:Plugboard Encryption: M
INFO:root:Wheel 3 Encryption: U
INFO:root:Wheel 2 Encryption: K
INFO:root:Wheel 1 Encryption: X
INFO:root:Reflector Encryption: J
INFO:root:Wheel 1 Encryption: E
INFO:root:Wheel 2 Encryption: A
INFO:root:Wheel 3 Encryption: I
INFO:root:Plugboard Encryption: I
INFO:root:Output (Lampboard): I
INFO:root:--------------------------------------------------------------------
INFO:root:Keyboard Input: M
INFO:root:Rotors Position: AAE. Ringstellung: AAA
INFO:root:Plugboard Encryption: M
INFO:root:Wheel 3 Encryption: W
INFO:root:Wheel 2 Encryption: C
INFO:root:Wheel 1 Encryption: F
INFO:root:Reflector Encryption: S
INFO:root:Wheel 1 Encryption: X
INFO:root:Wheel 2 Encryption: O
INFO:root:Wheel 3 Encryption: G
INFO:root:Plugboard Encryption: G
INFO:root:Output (Lampboard): G
INFO:root:--------------------------------------------------------------------
INFO:root:Keyboard Input: Z
INFO:root:Rotors Position: AAF. Ringstellung: AAA
INFO:root:Plugboard Encryption: Z
INFO:root:Wheel 3 Encryption: B
INFO:root:Wheel 2 Encryption: S
INFO:root:Wheel 1 Encryption: G
INFO:root:Reflector Encryption: L
INFO:root:Wheel 1 Encryption: F
INFO:root:Wheel 2 Encryption: R
INFO:root:Wheel 3 Encryption: M
INFO:root:Plugboard Encryption: M
INFO:root:Output (Lampboard): M
INFO:root:--------------------------------------------------------------------
INFO:root:Keyboard Input: D
INFO:root:Rotors Position: AAG. Ringstellung: AAA
INFO:root:Plugboard Encryption: D
INFO:root:Wheel 3 Encryption: J
INFO:root:Wheel 2 Encryption: Q
INFO:root:Wheel 1 Encryption: I
INFO:root:Reflector Encryption: P
INFO:root:Wheel 1 Encryption: H
INFO:root:Wheel 2 Encryption: N
INFO:root:Wheel 3 Encryption: A
INFO:root:Plugboard Encryption: A
INFO:root:Output (Lampboard): A
INFO:root:--------------------------------------------------------------------
